<?xml version="1.0" encoding="UTF-8"?>
<testsuite xmlns:xsi="http://www.w3.org/2001/XMLSchema-instance" xsi:noNamespaceSchemaLocation="https://maven.apache.org/surefire/maven-surefire-plugin/xsd/surefire-test-report.xsd" name="com.shich.util.WindowTest" time="0.029" tests="11" errors="0" skipped="0" failures="0">
  <properties>
[...]
</properties>
  <testcase name="testCreateWindow" classname="com.shich.util.WindowTest" time="0.001"/>
  <testcase name="testGetWidth" classname="com.shich.util.WindowTest" time="0"/>
  <testcase name="testShouldClose" classname="com.shich.util.WindowTest" time="0"/>
  <testcase name="testSetShouldClose" classname="com.shich.util.WindowTest" time="0"/>
  <testcase name="testSetBackgroundColour" classname="com.shich.util.WindowTest" time="0"/>
  <testcase name="testGetHeight" classname="com.shich.util.WindowTest" time="0"/>
  <testcase name="testDestroy" classname="com.shich.util.WindowTest" time="0"/>
  <testcase name="testSwapBuffers" classname="com.shich.util.WindowTest" time="0.001"/>
  <testcase name="testSetFullScreen" classname="com.shich.util.WindowTest" time="0"/>
  <testcase name="testSetSize" classname="com.shich.util.WindowTest" time="0"/>
  <testcase name="testSetPos" classname="com.shich.util.WindowTest" time="0"/>
</testsuite>